<?xml version="1.0" encoding="UTF-8"?>
<!-- Generated by org.testng.reporters.JUnitXMLReporter -->
<testsuite hostname="DESKTOP-ND5IR8R" ignored="1" name="Test(failed)" tests="1" failures="1" timestamp="24 Jun 2021 14:05:28 GMT" time="0.05" errors="0">
  <testcase name="testCase2" time="0.017" classname="org.failed.ReRunSimple">
    <failure type="java.lang.AssertionError" message="expected [false] but found [true]">
      <![CDATA[java.lang.AssertionError: expected [false] but found [true]
at org.failed.ReRunSimple.testCase2(ReRunSimple.java:22)
... Removed 31 stack frames]]>
    </failure>
  </testcase> <!-- testCase2 -->
  <testcase name="testCase1" time="0.0" classname="org.failed.ReRunSimple">
    <ignored/>
  </testcase> <!-- testCase1 -->
</testsuite> <!-- Test(failed) -->
