<?xml version="1.0" encoding="UTF-8"?>
<!-- Generated by org.testng.reporters.JUnitXMLReporter -->
<testsuite hostname="DESKTOP-ND5IR8R" ignored="0" name="Listener" tests="2" failures="1" timestamp="31 May 2021 07:15:40 GMT" time="0.06" errors="0">
  <testcase name="sum" time="0.011" classname="org.listener.Sum"/>
  <testcase name="testtofail" time="0.005" classname="org.listener.Sum">
    <failure type="java.lang.AssertionError" message="expected [true] but found [false]">
      <![CDATA[java.lang.AssertionError: expected [true] but found [false]
at org.listener.Sum.testtofail(Sum.java:24)
... Removed 29 stack frames]]>
    </failure>
  </testcase> <!-- testtofail -->
</testsuite> <!-- Listener -->
