<?xml version="1.0" encoding="UTF-8"?>
<!-- Generated by org.testng.reporters.JUnitXMLReporter -->
<testsuite hostname="DESKTOP-ND5IR8R" ignored="1" name="Listeners" tests="2" failures="1" timestamp="31 May 2021 07:22:38 GMT" time="0.055" errors="0">
  <testcase name="sum1" time="0.014" classname="org.listener.Sum"/>
  <testcase name="testtofail" time="0.007" classname="org.listener.Sum">
    <failure type="java.lang.AssertionError" message="expected [true] but found [false]">
      <![CDATA[java.lang.AssertionError: expected [true] but found [false]
at org.listener.Sum.testtofail(Sum.java:30)
... Removed 29 stack frames]]>
    </failure>
  </testcase> <!-- testtofail -->
  <testcase name="dummy" time="0.0" classname="org.listener.Sum">
    <ignored/>
  </testcase> <!-- dummy -->
</testsuite> <!-- Listeners -->
