<?xml version="1.0" encoding="UTF-8"?>
<!-- Generated by org.testng.reporters.JUnitXMLReporter -->
<testsuite hostname="DESKTOP-ND5IR8R" ignored="0" name="Default test" tests="3" failures="0" timestamp="11 Jun 2021 06:45:31 GMT" time="14.558" errors="0">
  <testcase name="loginHotel" time="2.199" classname="org.adactin.HotelTransactions"/>
  <testcase name="hotel" time="1.911" classname="org.adactin.HotelTransactions"/>
  <testcase name="billing" time="3.836" classname="org.adactin.HotelTransactions"/>
</testsuite> <!-- Default test -->
