<?xml version="1.0" encoding="UTF-8"?>
<!-- Generated by org.testng.reporters.JUnitXMLReporter -->
<testsuite hostname="DESKTOP-ND5IR8R" ignored="0" name="RetryMultiple" tests="10" failures="2" timestamp="17 Jan 2022 07:12:51 GMT" time="0.179" errors="0">
  <testcase name="Test1" time="0.058" classname="org.retryusinglistener.Test002">
    <skipped/>
  </testcase> <!-- Test1 -->
  <testcase name="Test1" time="0.006" classname="org.retryusinglistener.Test002">
    <skipped/>
  </testcase> <!-- Test1 -->
  <testcase name="Test1" time="0.003" classname="org.retryusinglistener.Test002">
    <skipped/>
  </testcase> <!-- Test1 -->
  <testcase name="Test1" time="0.001" classname="org.retryusinglistener.Test002">
    <skipped/>
  </testcase> <!-- Test1 -->
  <testcase name="Test1" time="0.001" classname="org.retryusinglistener.Test002">
    <failure type="java.lang.AssertionError" message="expected [true] but found [false]">
      <![CDATA[java.lang.AssertionError: expected [true] but found [false]
at org.retryusinglistener.Test002.Test1(Test002.java:12)
... Removed 31 stack frames]]>
    </failure>
  </testcase> <!-- Test1 -->
  <testcase name="Test2" time="0.002" classname="org.retryusinglistener.Test002">
    <skipped/>
  </testcase> <!-- Test2 -->
  <testcase name="Test2" time="0.001" classname="org.retryusinglistener.Test002">
    <skipped/>
  </testcase> <!-- Test2 -->
  <testcase name="Test2" time="0.001" classname="org.retryusinglistener.Test002">
    <skipped/>
  </testcase> <!-- Test2 -->
  <testcase name="Test2" time="0.002" classname="org.retryusinglistener.Test002">
    <skipped/>
  </testcase> <!-- Test2 -->
  <testcase name="Test2" time="0.002" classname="org.retryusinglistener.Test002">
    <failure type="java.lang.AssertionError" message="expected [true] but found [false]">
      <![CDATA[java.lang.AssertionError: expected [true] but found [false]
at org.retryusinglistener.Test002.Test2(Test002.java:19)
... Removed 31 stack frames]]>
    </failure>
  </testcase> <!-- Test2 -->
</testsuite> <!-- RetryMultiple -->
